[05Nov2024 18:29:35.404] [main/INFO] [cpw.mods.modlauncher.Launcher/MODLAUNCHER]: ModLauncher running: args [--launchTarget, forgeclientuserdev, --version, 21.1.68, --assetIndex, 17, --assetsDir, C:\\Users\\JayDeeHome\\.gradle\\caches\\neoformruntime\\assets, --gameDir, ., --fml.neoForgeVersion, 21.1.68, --fml.fmlVersion, 4.0.24, --fml.mcVersion, 1.21.1, --fml.neoFormVersion, 20240808.144430]
[05Nov2024 18:29:35.409] [main/INFO] [cpw.mods.modlauncher.Launcher/MODLAUNCHER]: JVM identified as Amazon.com Inc. OpenJDK 64-Bit Server VM 21.0.4+7-LTS
[05Nov2024 18:29:35.411] [main/INFO] [cpw.mods.modlauncher.Launcher/MODLAUNCHER]: ModLauncher 11.0.4+main.d2e20e43 starting: java version 21.0.4 by Amazon.com Inc.; OS Windows 11 arch amd64 version 10.0
[05Nov2024 18:29:35.548] [main/INFO] [net.neoforged.fml.loading.ImmediateWindowHandler/]: Loading ImmediateWindowProvider fmlearlywindow
[05Nov2024 18:29:35.664] [main/INFO] [EARLYDISPLAY/]: Trying GL version 4.6
[05Nov2024 18:29:35.866] [main/INFO] [EARLYDISPLAY/]: Requested GL version 4.6 got version 4.6
[05Nov2024 18:29:35.972] [main/INFO] [mixin/]: SpongePowered MIXIN Subsystem Version=0.8.7 Source=union:/C:/Users/JayDeeHome/.gradle/caches/modules-2/files-2.1/net.fabricmc/sponge-mixin/0.15.2+mixin.0.8.7/2af2f021d8e02a0220dc27a7a72b4666d66d44ca/sponge-mixin-0.15.2+mixin.0.8.7.jar%23131!/ Service=ModLauncher Env=CLIENT
[05Nov2024 18:29:36.208] [pool-2-thread-1/INFO] [EARLYDISPLAY/]: GL info: NVIDIA GeForce RTX 2070 SUPER/PCIe/SSE2 GL version 4.6.0 NVIDIA 561.09, NVIDIA Corporation
[05Nov2024 18:29:36.349] [main/INFO] [net.neoforged.fml.loading.moddiscovery.locators.JarInJarDependencyLocator/]: Found 2 dependencies adding them to mods collection
[05Nov2024 18:29:37.325] [main/INFO] [mixin/]: Compatibility level set to JAVA_17
[05Nov2024 18:29:37.381] [main/INFO] [cpw.mods.modlauncher.LaunchServiceHandler/MODLAUNCHER]: Launching target 'forgeclientuserdev' with arguments [--version, 21.1.68, --gameDir, ., --assetsDir, C:\Users\JayDeeHome\.gradle\caches\neoformruntime\assets, --assetIndex, 17]
[05Nov2024 18:29:37.514] [main/WARN] [mixin/]: Reference map 'curios.refmap.json' for curios.neoforge.mixins.json could not be read. If this is a development environment you can ignore this message
[05Nov2024 18:29:37.514] [main/WARN] [mixin/]: Reference map 'curios.refmap.json' for curios.mixins.json could not be read. If this is a development environment you can ignore this message
[05Nov2024 18:29:37.515] [main/WARN] [mixin/]: Reference map 'geckolib.refmap.json' for geckolib.mixins.json could not be read. If this is a development environment you can ignore this message
[05Nov2024 18:29:37.991] [main/INFO] [MixinExtras|Service/]: Initializing MixinExtras via com.llamalad7.mixinextras.service.MixinExtrasServiceImpl(version=0.4.1).
[05Nov2024 18:29:38.842] [main/INFO] [DevAuth/]: Successfully logged in as Shaydeejay
[05Nov2024 18:29:40.348] [Datafixer Bootstrap/INFO] [com.mojang.datafixers.DataFixerBuilder/]: 229 Datafixer optimizations took 472 milliseconds
[05Nov2024 18:29:45.170] [main/WARN] [net.minecraft.commands.Commands/]: Ambiguity between arguments [teleport, location] and [teleport, destination] with inputs: [0.1 -0.5 .9, 0 0 0]
[05Nov2024 18:29:45.172] [main/WARN] [net.minecraft.commands.Commands/]: Ambiguity between arguments [teleport, location] and [teleport, targets] with inputs: [0.1 -0.5 .9, 0 0 0]
[05Nov2024 18:29:45.175] [main/WARN] [net.minecraft.commands.Commands/]: Ambiguity between arguments [teleport, destination] and [teleport, targets] with inputs: [Player, 0123, @e, dd12be42-52a9-4a91-a8a1-11c01849e498]
[05Nov2024 18:29:45.178] [main/WARN] [net.minecraft.commands.Commands/]: Ambiguity between arguments [teleport, targets] and [teleport, destination] with inputs: [Player, 0123, dd12be42-52a9-4a91-a8a1-11c01849e498]
[05Nov2024 18:29:45.179] [main/WARN] [net.minecraft.commands.Commands/]: Ambiguity between arguments [teleport, targets, location] and [teleport, targets, destination] with inputs: [0.1 -0.5 .9, 0 0 0]
[05Nov2024 18:29:45.298] [Render thread/WARN] [net.minecraft.server.packs.VanillaPackResourcesBuilder/]: Assets URL 'union:/C:/Users/JayDeeHome/Documents/Development/Jahdoo%20Neoforge/build/moddev/artifacts/neoforge-21.1.68-minecraft-merged.jar%23183!/assets/.mcassetsroot' uses unexpected schema
[05Nov2024 18:29:45.298] [Render thread/WARN] [net.minecraft.server.packs.VanillaPackResourcesBuilder/]: Assets URL 'union:/C:/Users/JayDeeHome/Documents/Development/Jahdoo%20Neoforge/build/moddev/artifacts/neoforge-21.1.68-minecraft-merged.jar%23183!/data/.mcassetsroot' uses unexpected schema
[05Nov2024 18:29:45.323] [Render thread/INFO] [com.mojang.authlib.yggdrasil.YggdrasilAuthenticationService/]: Environment: Environment[sessionHost=https://sessionserver.mojang.com, servicesHost=https://api.minecraftservices.com, name=PROD]
[05Nov2024 18:29:45.333] [Render thread/INFO] [net.minecraft.client.Minecraft/]: Setting user: Shaydeejay
[05Nov2024 18:29:45.416] [Render thread/INFO] [net.minecraft.client.Minecraft/]: Backend library: LWJGL version 3.3.3+5
[05Nov2024 18:29:45.630] [modloading-worker-0/INFO] [net.neoforged.neoforge.common.NeoForgeMod/NEOFORGE-MOD]: NeoForge mod loading, version 21.1.68, for MC 1.21.1
[05Nov2024 18:29:46.380] [Render thread/INFO] [net.neoforged.neoforge.gametest.GameTestHooks/]: Enabled Gametest Namespaces: [jahdoo]
[05Nov2024 18:29:46.628] [Render thread/INFO] [net.minecraft.server.packs.resources.ReloadableResourceManager/]: Reloading ResourceManager: vanilla, mod_resources, mod/devauth, mod/curios, mod/geckolib, mod/jahdoo, mod/neoforge
[05Nov2024 18:29:46.832] [Worker-Main-2/INFO] [net.minecraft.client.gui.font.providers.UnihexProvider/]: Found unifont_all_no_pua-15.1.05.hex, loading
[05Nov2024 18:29:46.894] [Worker-Main-3/ERROR] [net.minecraft.Util/]: Invalid path in pack: jahdoo:textures/item/testDump/tome_of_unity.png, ignoring
[05Nov2024 18:29:46.895] [Worker-Main-3/WARN] [net.minecraft.Util/]: Did you remember to set a breakpoint here?
[05Nov2024 18:29:46.947] [Worker-Main-6/ERROR] [net.minecraft.Util/]: Invalid path in pack: jahdoo:models/item/testDump/tome_of_unity.json, ignoring
[05Nov2024 18:29:46.948] [Worker-Main-6/WARN] [net.minecraft.Util/]: Did you remember to set a breakpoint here?
[05Nov2024 18:29:47.175] [Worker-Main-3/WARN] [net.minecraft.client.renderer.texture.SpriteLoader/]: Texture jahdoo:item/health_container with size 46x46 limits mip level from 4 to 1
[05Nov2024 18:29:47.209] [Worker-Main-7/INFO] [net.minecraft.client.gui.font.providers.UnihexProvider/]: Found unifont_jp_patch-15.1.05.hex, loading
[05Nov2024 18:29:47.576] [Worker-Main-5/WARN] [net.minecraft.client.resources.model.BlockStateModelLoader/]: Exception loading blockstate definition: 'jahdoo:blockstates/infusion_table.json' missing model for variant: 'jahdoo:infusion_table#facing=down'
[05Nov2024 18:29:47.576] [Worker-Main-5/WARN] [net.minecraft.client.resources.model.BlockStateModelLoader/]: Exception loading blockstate definition: 'jahdoo:blockstates/infusion_table.json' missing model for variant: 'jahdoo:infusion_table#facing=up'
[05Nov2024 18:29:47.577] [Worker-Main-5/WARN] [net.minecraft.client.resources.model.ModelBakery/]: Unable to load model: 'jahdoo:block/wand' referenced from: jahdoo:block/wand: java.io.FileNotFoundException: jahdoo:models/block/wand.json
[05Nov2024 18:29:48.258] [Render thread/WARN] [net.minecraft.client.sounds.SoundEngine/]: Missing sound for event: minecraft:item.goat_horn.play
[05Nov2024 18:29:48.259] [Render thread/WARN] [net.minecraft.client.sounds.SoundEngine/]: Missing sound for event: minecraft:entity.goat.screaming.horn_break
[05Nov2024 18:29:48.296] [Render thread/INFO] [com.mojang.blaze3d.audio.Library/]: OpenAL initialized on device OpenAL Soft on Headphones (LE_WH-1000XM3)
[05Nov2024 18:29:48.297] [Render thread/INFO] [net.minecraft.client.sounds.SoundEngine/SOUNDS]: Sound engine started
[05Nov2024 18:29:48.398] [Render thread/INFO] [net.minecraft.client.renderer.texture.TextureAtlas/]: Created: 1024x1024x4 minecraft:textures/atlas/blocks.png-atlas
[05Nov2024 18:29:48.406] [Render thread/INFO] [net.minecraft.client.renderer.texture.TextureAtlas/]: Created: 256x256x4 minecraft:textures/atlas/signs.png-atlas
[05Nov2024 18:29:48.406] [Render thread/INFO] [net.minecraft.client.renderer.texture.TextureAtlas/]: Created: 512x512x4 minecraft:textures/atlas/banner_patterns.png-atlas
[05Nov2024 18:29:48.406] [Render thread/INFO] [net.minecraft.client.renderer.texture.TextureAtlas/]: Created: 512x512x4 minecraft:textures/atlas/shield_patterns.png-atlas
[05Nov2024 18:29:48.407] [Render thread/INFO] [net.minecraft.client.renderer.texture.TextureAtlas/]: Created: 1024x1024x4 minecraft:textures/atlas/armor_trims.png-atlas
[05Nov2024 18:29:48.410] [Render thread/INFO] [net.minecraft.client.renderer.texture.TextureAtlas/]: Created: 256x256x4 minecraft:textures/atlas/chest.png-atlas
[05Nov2024 18:29:48.410] [Render thread/INFO] [net.minecraft.client.renderer.texture.TextureAtlas/]: Created: 128x64x4 minecraft:textures/atlas/decorated_pot.png-atlas
[05Nov2024 18:29:48.410] [Render thread/INFO] [net.minecraft.client.renderer.texture.TextureAtlas/]: Created: 512x256x4 minecraft:textures/atlas/shulker_boxes.png-atlas
[05Nov2024 18:29:48.411] [Render thread/INFO] [net.minecraft.client.renderer.texture.TextureAtlas/]: Created: 512x256x4 minecraft:textures/atlas/beds.png-atlas
[05Nov2024 18:29:48.492] [Render thread/INFO] [net.minecraft.client.renderer.texture.TextureAtlas/]: Created: 512x256x0 minecraft:textures/atlas/particles.png-atlas
[05Nov2024 18:29:48.492] [Render thread/INFO] [net.minecraft.client.renderer.texture.TextureAtlas/]: Created: 512x256x0 minecraft:textures/atlas/paintings.png-atlas
[05Nov2024 18:29:48.493] [Render thread/INFO] [net.minecraft.client.renderer.texture.TextureAtlas/]: Created: 256x128x0 minecraft:textures/atlas/mob_effects.png-atlas
[05Nov2024 18:29:48.493] [Render thread/INFO] [net.minecraft.client.renderer.texture.TextureAtlas/]: Created: 64x64x0 minecraft:textures/atlas/map_decorations.png-atlas
[05Nov2024 18:29:48.493] [Render thread/INFO] [net.minecraft.client.renderer.texture.TextureAtlas/]: Created: 1024x512x0 minecraft:textures/atlas/gui.png-atlas
[05Nov2024 18:29:48.523] [Render thread/WARN] [net.minecraft.client.renderer.ShaderInstance/]: Shader rendertype_entity_translucent_emissive could not find sampler named Sampler2 in the specified shader program.
[05Nov2024 18:29:48.605] [Render thread/INFO] [net.neoforged.neoforge.client.entity.animation.json.AnimationLoader/]: Loaded 0 entity animations
[05Nov2024 18:29:53.373] [Render thread/INFO] [net.minecraft.world.item.crafting.RecipeManager/]: Loaded 1300 recipes
[05Nov2024 18:29:53.537] [Render thread/ERROR] [net.minecraft.advancements.AdvancementTree/]: Couldn't load advancements: [jahdoo:augment, jahdoo:augment_core]
[05Nov2024 18:29:53.537] [Render thread/INFO] [net.minecraft.advancements.AdvancementTree/]: Loaded 1403 advancements
[05Nov2024 18:29:53.546] [Render thread/INFO] [Curios API/]: Loaded 11 curio slots
[05Nov2024 18:29:53.549] [Render thread/INFO] [Curios API/]: Loaded 1 curio entities
[05Nov2024 18:29:54.170] [Server thread/INFO] [net.minecraft.client.server.IntegratedServer/]: Starting integrated minecraft server version 1.21.1
[05Nov2024 18:29:54.170] [Server thread/INFO] [net.minecraft.server.MinecraftServer/]: Generating keypair
[05Nov2024 18:29:54.385] [Server thread/INFO] [net.minecraft.server.MinecraftServer/]: Preparing start region for dimension minecraft:overworld
[05Nov2024 18:29:54.557] [progressListener/INFO] [net.minecraft.server.level.progress.LoggerChunkProgressListener/]: Preparing spawn area: 0%
[05Nov2024 18:29:54.643] [Server thread/INFO] [net.neoforged.neoforge.server.permission.PermissionAPI/]: Successfully initialized permission handler neoforge:default_handler
[05Nov2024 18:29:54.650] [progressListener/INFO] [net.minecraft.server.level.progress.LoggerChunkProgressListener/]: Time elapsed: 249 ms
[05Nov2024 18:29:54.709] [Server thread/INFO] [net.minecraft.client.server.IntegratedServer/]: Changing view distance to 12, from 10
[05Nov2024 18:29:54.709] [Server thread/INFO] [net.minecraft.client.server.IntegratedServer/]: Changing simulation distance to 12, from 0
[05Nov2024 18:29:55.351] [Server thread/INFO] [net.minecraft.server.players.PlayerList/]: Shaydeejay[local:E:928d0385] logged in with entity id 4 at (5.5897342077140095, -59.89488303183359, 16.04084075194192)
[05Nov2024 18:29:55.404] [Server thread/INFO] [net.minecraft.server.MinecraftServer/]: Shaydeejay joined the game
[05Nov2024 18:29:56.422] [Render thread/WARN] [net.minecraft.client.ClientRecipeBook/]: Unknown recipe category: jahdoo:creator_block/jahdoo:augment
[05Nov2024 18:29:56.422] [Render thread/WARN] [net.minecraft.client.ClientRecipeBook/]: Unknown recipe category: jahdoo:creator_block/jahdoo:wand_vitality
[05Nov2024 18:29:56.422] [Render thread/WARN] [net.minecraft.client.ClientRecipeBook/]: Unknown recipe category: jahdoo:creator_block/jahdoo:tome_of_unity
[05Nov2024 18:29:56.422] [Render thread/WARN] [net.minecraft.client.ClientRecipeBook/]: Unknown recipe category: jahdoo:creator_block/jahdoo:wand_mystic
[05Nov2024 18:29:56.422] [Render thread/WARN] [net.minecraft.client.ClientRecipeBook/]: Unknown recipe category: jahdoo:creator_block/jahdoo:wand_inferno
[05Nov2024 18:29:56.422] [Render thread/WARN] [net.minecraft.client.ClientRecipeBook/]: Unknown recipe category: jahdoo:creator_block/jahdoo:wand_frost
[05Nov2024 18:29:56.422] [Render thread/WARN] [net.minecraft.client.ClientRecipeBook/]: Unknown recipe category: jahdoo:creator_block/jahdoo:wand_lightning
[05Nov2024 18:29:56.435] [Render thread/INFO] [net.minecraft.advancements.AdvancementTree/]: Loaded 255 advancements
[05Nov2024 18:29:59.396] [Server thread/INFO] [net.minecraft.client.server.IntegratedServer/]: Saving and pausing game...
[05Nov2024 18:29:59.427] [Server thread/INFO] [net.minecraft.server.MinecraftServer/]: Saving chunks for level 'ServerLevel[Main Test World]'/minecraft:overworld
[05Nov2024 18:29:59.447] [Server thread/INFO] [net.minecraft.server.MinecraftServer/]: Saving chunks for level 'ServerLevel[Main Test World]'/minecraft:the_end
[05Nov2024 18:29:59.466] [Server thread/INFO] [net.minecraft.server.MinecraftServer/]: Saving chunks for level 'ServerLevel[Main Test World]'/minecraft:the_nether
[05Nov2024 18:30:04.799] [Server thread/INFO] [net.minecraft.server.network.ServerGamePacketListenerImpl/]: Shaydeejay lost connection: Disconnected
[05Nov2024 18:30:04.800] [Server thread/INFO] [net.minecraft.server.MinecraftServer/]: Shaydeejay left the game
[05Nov2024 18:30:04.871] [Server thread/INFO] [net.minecraft.server.network.ServerCommonPacketListenerImpl/]: Stopping singleplayer server as player logged out
[05Nov2024 18:30:04.893] [Server thread/INFO] [net.minecraft.server.MinecraftServer/]: Stopping server
[05Nov2024 18:30:04.894] [Server thread/INFO] [net.minecraft.server.MinecraftServer/]: Saving players
[05Nov2024 18:30:04.894] [Server thread/INFO] [net.minecraft.server.MinecraftServer/]: Saving worlds
[05Nov2024 18:30:04.947] [Server thread/INFO] [net.minecraft.server.MinecraftServer/]: Saving chunks for level 'ServerLevel[Main Test World]'/minecraft:overworld
[05Nov2024 18:30:05.092] [Server thread/INFO] [net.minecraft.server.MinecraftServer/]: Saving chunks for level 'ServerLevel[Main Test World]'/minecraft:the_end
[05Nov2024 18:30:05.101] [Server thread/INFO] [net.minecraft.server.MinecraftServer/]: Saving chunks for level 'ServerLevel[Main Test World]'/minecraft:the_nether
[05Nov2024 18:30:05.117] [Server thread/INFO] [net.minecraft.server.MinecraftServer/]: ThreadedAnvilChunkStorage (New World): All chunks are saved
[05Nov2024 18:30:05.117] [Server thread/INFO] [net.minecraft.server.MinecraftServer/]: ThreadedAnvilChunkStorage (DIM1): All chunks are saved
[05Nov2024 18:30:05.117] [Server thread/INFO] [net.minecraft.server.MinecraftServer/]: ThreadedAnvilChunkStorage (DIM-1): All chunks are saved
[05Nov2024 18:30:05.117] [Server thread/INFO] [net.minecraft.server.MinecraftServer/]: ThreadedAnvilChunkStorage: All dimensions are saved
[05Nov2024 18:30:06.025] [Render thread/INFO] [net.minecraft.client.Minecraft/]: Stopping!
